

***********************************************************************
Fatal NI connect error 12560, connecting to:
 (DESCRIPTION=(ADDRESS=(PROTOCOL=BEQ)(PROGRAM=oracle)(ARGV0=oracleORCL)(ARGS='(DESCRIPTION=(LOCAL=YES)(ADDRESS=(PROTOCOL=beq)))'))(CONNECT_DATA=(SID=ORCL)(CID=(PROGRAM=D:\Python27\python.exe)(HOST=HUYKAI)(USER=IUSR))))

  VERSION INFORMATION:
	TNS for 32-bit Windows: Version 10.2.0.5.0 - Production
	Oracle Bequeath NT Protocol Adapter for 32-bit Windows: Version 10.2.0.5.0 - Production
  Time: 22-JAN-2017 08:59:18
  Tracing not turned on.
  Tns error struct:
    ns main err code: 12560
    TNS-12560: Message 12560 not found; No message file for product=NETWORK, facility=TNS
    ns secondary err code: 0
    nt main err code: 530
    TNS-00530: Message 530 not found; No message file for product=NETWORK, facility=TNS
    nt secondary err code: 126
    nt OS err code: 0


***********************************************************************
Fatal NI connect error 12541, connecting to:
 (DESCRIPTION=(CONNECT_DATA=(SERVICE_NAME=oss)(CID=(PROGRAM=D:\Python27\python.exe)(HOST=HUYKAI)(USER=IUSR)))(ADDRESS=(PROTOCOL=TCP)(HOST=127.0.0.1)(PORT=51063)))

  VERSION INFORMATION:
	TNS for 32-bit Windows: Version 10.2.0.5.0 - Production
	Windows NT TCP/IP NT Protocol Adapter for 32-bit Windows: Version 10.2.0.5.0 - Production
  Time: 22-JAN-2017 09:23:44
  Tracing not turned on.
  Tns error struct:
    ns main err code: 12541
    TNS-12541: Message 12541 not found; No message file for product=NETWORK, facility=TNS
    ns secondary err code: 12560
    nt main err code: 511
    TNS-00511: Message 511 not found; No message file for product=NETWORK, facility=TNS
    nt secondary err code: 61
    nt OS err code: 0


***********************************************************************
Fatal NI connect error 12541, connecting to:
 (DESCRIPTION=(CONNECT_DATA=(SERVICE_NAME=oss)(CID=(PROGRAM=D:\Python27\python.exe)(HOST=HUYKAI)(USER=IUSR)))(ADDRESS=(PROTOCOL=TCP)(HOST=127.0.0.1)(PORT=51063)))

  VERSION INFORMATION:
	TNS for 32-bit Windows: Version 10.2.0.5.0 - Production
	Windows NT TCP/IP NT Protocol Adapter for 32-bit Windows: Version 10.2.0.5.0 - Production
  Time: 22-JAN-2017 09:25:30
  Tracing not turned on.
  Tns error struct:
    ns main err code: 12541
    TNS-12541: Message 12541 not found; No message file for product=NETWORK, facility=TNS
    ns secondary err code: 12560
    nt main err code: 511
    TNS-00511: Message 511 not found; No message file for product=NETWORK, facility=TNS
    nt secondary err code: 61
    nt OS err code: 0


***********************************************************************
Fatal NI connect error 12541, connecting to:
 (DESCRIPTION=(CONNECT_DATA=(SERVICE_NAME=oss)(CID=(PROGRAM=D:\Python27\python.exe)(HOST=HUYKAI)(USER=IUSR)))(ADDRESS=(PROTOCOL=TCP)(HOST=127.0.0.1)(PORT=51063)))

  VERSION INFORMATION:
	TNS for 32-bit Windows: Version 10.2.0.5.0 - Production
	Windows NT TCP/IP NT Protocol Adapter for 32-bit Windows: Version 10.2.0.5.0 - Production
  Time: 01-FEB-2017 21:34:44
  Tracing not turned on.
  Tns error struct:
    ns main err code: 12541
    TNS-12541: Message 12541 not found; No message file for product=NETWORK, facility=TNS
    ns secondary err code: 12560
    nt main err code: 511
    TNS-00511: Message 511 not found; No message file for product=NETWORK, facility=TNS
    nt secondary err code: 61
    nt OS err code: 0


***********************************************************************
Fatal NI connect error 12541, connecting to:
 (DESCRIPTION=(CONNECT_DATA=(SERVICE_NAME=oss)(CID=(PROGRAM=D:\Python27\python.exe)(HOST=HUYKAI)(USER=IUSR)))(ADDRESS=(PROTOCOL=TCP)(HOST=127.0.0.1)(PORT=51063)))

  VERSION INFORMATION:
	TNS for 32-bit Windows: Version 10.2.0.5.0 - Production
	Windows NT TCP/IP NT Protocol Adapter for 32-bit Windows: Version 10.2.0.5.0 - Production
  Time: 01-FEB-2017 21:43:03
  Tracing not turned on.
  Tns error struct:
    ns main err code: 12541
    TNS-12541: Message 12541 not found; No message file for product=NETWORK, facility=TNS
    ns secondary err code: 12560
    nt main err code: 511
    TNS-00511: Message 511 not found; No message file for product=NETWORK, facility=TNS
    nt secondary err code: 61
    nt OS err code: 0


***********************************************************************
Fatal NI connect error 12541, connecting to:
 (DESCRIPTION=(CONNECT_DATA=(SERVICE_NAME=oss)(CID=(PROGRAM=D:\Python27\python.exe)(HOST=HUYKAI)(USER=IUSR)))(ADDRESS=(PROTOCOL=TCP)(HOST=127.0.0.1)(PORT=51063)))

  VERSION INFORMATION:
	TNS for 32-bit Windows: Version 10.2.0.5.0 - Production
	Windows NT TCP/IP NT Protocol Adapter for 32-bit Windows: Version 10.2.0.5.0 - Production
  Time: 04-FEB-2017 09:13:29
  Tracing not turned on.
  Tns error struct:
    ns main err code: 12541
    TNS-12541: Message 12541 not found; No message file for product=NETWORK, facility=TNS
    ns secondary err code: 12560
    nt main err code: 511
    TNS-00511: Message 511 not found; No message file for product=NETWORK, facility=TNS
    nt secondary err code: 61
    nt OS err code: 0


***********************************************************************
Fatal NI connect error 12541, connecting to:
 (DESCRIPTION=(CONNECT_DATA=(SERVICE_NAME=oss)(CID=(PROGRAM=D:\Python27\python.exe)(HOST=HUYKAI)(USER=IUSR)))(ADDRESS=(PROTOCOL=TCP)(HOST=127.0.0.1)(PORT=51063)))

  VERSION INFORMATION:
	TNS for 32-bit Windows: Version 10.2.0.5.0 - Production
	Windows NT TCP/IP NT Protocol Adapter for 32-bit Windows: Version 10.2.0.5.0 - Production
  Time: 04-FEB-2017 09:22:42
  Tracing not turned on.
  Tns error struct:
    ns main err code: 12541
    TNS-12541: Message 12541 not found; No message file for product=NETWORK, facility=TNS
    ns secondary err code: 12560
    nt main err code: 511
    TNS-00511: Message 511 not found; No message file for product=NETWORK, facility=TNS
    nt secondary err code: 61
    nt OS err code: 0


***********************************************************************
Fatal NI connect error 12541, connecting to:
 (DESCRIPTION=(CONNECT_DATA=(SERVICE_NAME=oss)(CID=(PROGRAM=D:\Python27\python.exe)(HOST=HUYKAI)(USER=IUSR)))(ADDRESS=(PROTOCOL=TCP)(HOST=127.0.0.1)(PORT=51063)))

  VERSION INFORMATION:
	TNS for 32-bit Windows: Version 10.2.0.5.0 - Production
	Windows NT TCP/IP NT Protocol Adapter for 32-bit Windows: Version 10.2.0.5.0 - Production
  Time: 04-FEB-2017 09:23:19
  Tracing not turned on.
  Tns error struct:
    ns main err code: 12541
    TNS-12541: Message 12541 not found; No message file for product=NETWORK, facility=TNS
    ns secondary err code: 12560
    nt main err code: 511
    TNS-00511: Message 511 not found; No message file for product=NETWORK, facility=TNS
    nt secondary err code: 61
    nt OS err code: 0


***********************************************************************
Fatal NI connect error 12541, connecting to:
 (DESCRIPTION=(CONNECT_DATA=(SERVICE_NAME=oss)(CID=(PROGRAM=D:\Python27\python.exe)(HOST=HUYKAI)(USER=IUSR)))(ADDRESS=(PROTOCOL=TCP)(HOST=127.0.0.1)(PORT=51063)))

  VERSION INFORMATION:
	TNS for 32-bit Windows: Version 10.2.0.5.0 - Production
	Windows NT TCP/IP NT Protocol Adapter for 32-bit Windows: Version 10.2.0.5.0 - Production
  Time: 04-FEB-2017 09:23:24
  Tracing not turned on.
  Tns error struct:
    ns main err code: 12541
    TNS-12541: Message 12541 not found; No message file for product=NETWORK, facility=TNS
    ns secondary err code: 12560
    nt main err code: 511
    TNS-00511: Message 511 not found; No message file for product=NETWORK, facility=TNS
    nt secondary err code: 61
    nt OS err code: 0


***********************************************************************
Fatal NI connect error 12541, connecting to:
 (DESCRIPTION=(CONNECT_DATA=(SERVICE_NAME=oss)(CID=(PROGRAM=D:\Python27\python.exe)(HOST=HUYKAI)(USER=IUSR)))(ADDRESS=(PROTOCOL=TCP)(HOST=127.0.0.1)(PORT=51063)))

  VERSION INFORMATION:
	TNS for 32-bit Windows: Version 10.2.0.5.0 - Production
	Windows NT TCP/IP NT Protocol Adapter for 32-bit Windows: Version 10.2.0.5.0 - Production
  Time: 04-FEB-2017 09:23:25
  Tracing not turned on.
  Tns error struct:
    ns main err code: 12541
    TNS-12541: Message 12541 not found; No message file for product=NETWORK, facility=TNS
    ns secondary err code: 12560
    nt main err code: 511
    TNS-00511: Message 511 not found; No message file for product=NETWORK, facility=TNS
    nt secondary err code: 61
    nt OS err code: 0


***********************************************************************
Fatal NI connect error 12541, connecting to:
 (DESCRIPTION=(CONNECT_DATA=(SERVICE_NAME=oss)(CID=(PROGRAM=D:\Python27\python.exe)(HOST=HUYKAI)(USER=IUSR)))(ADDRESS=(PROTOCOL=TCP)(HOST=127.0.0.1)(PORT=51063)))

  VERSION INFORMATION:
	TNS for 32-bit Windows: Version 10.2.0.5.0 - Production
	Windows NT TCP/IP NT Protocol Adapter for 32-bit Windows: Version 10.2.0.5.0 - Production
  Time: 05-FEB-2017 21:35:16
  Tracing not turned on.
  Tns error struct:
    ns main err code: 12541
    TNS-12541: Message 12541 not found; No message file for product=NETWORK, facility=TNS
    ns secondary err code: 12560
    nt main err code: 511
    TNS-00511: Message 511 not found; No message file for product=NETWORK, facility=TNS
    nt secondary err code: 61
    nt OS err code: 0


***********************************************************************
Fatal NI connect error 12541, connecting to:
 (DESCRIPTION=(CONNECT_DATA=(SERVICE_NAME=oss)(CID=(PROGRAM=D:\Python27\python.exe)(HOST=HUYKAI)(USER=IUSR)))(ADDRESS=(PROTOCOL=TCP)(HOST=127.0.0.1)(PORT=51063)))

  VERSION INFORMATION:
	TNS for 32-bit Windows: Version 10.2.0.5.0 - Production
	Windows NT TCP/IP NT Protocol Adapter for 32-bit Windows: Version 10.2.0.5.0 - Production
  Time: 08-FEB-2017 19:32:54
  Tracing not turned on.
  Tns error struct:
    ns main err code: 12541
    TNS-12541: Message 12541 not found; No message file for product=NETWORK, facility=TNS
    ns secondary err code: 12560
    nt main err code: 511
    TNS-00511: Message 511 not found; No message file for product=NETWORK, facility=TNS
    nt secondary err code: 61
    nt OS err code: 0


***********************************************************************
Fatal NI connect error 12541, connecting to:
 (DESCRIPTION=(CONNECT_DATA=(SERVICE_NAME=oss)(CID=(PROGRAM=D:\Python27\python.exe)(HOST=HUYKAI)(USER=IUSR)))(ADDRESS=(PROTOCOL=TCP)(HOST=127.0.0.1)(PORT=51063)))

  VERSION INFORMATION:
	TNS for 32-bit Windows: Version 10.2.0.5.0 - Production
	Windows NT TCP/IP NT Protocol Adapter for 32-bit Windows: Version 10.2.0.5.0 - Production
  Time: 08-FEB-2017 23:17:09
  Tracing not turned on.
  Tns error struct:
    ns main err code: 12541
    TNS-12541: Message 12541 not found; No message file for product=NETWORK, facility=TNS
    ns secondary err code: 12560
    nt main err code: 511
    TNS-00511: Message 511 not found; No message file for product=NETWORK, facility=TNS
    nt secondary err code: 61
    nt OS err code: 0


***********************************************************************
Fatal NI connect error 12541, connecting to:
 (DESCRIPTION=(CONNECT_DATA=(SERVICE_NAME=oss)(CID=(PROGRAM=D:\Python27\python.exe)(HOST=HUYKAI)(USER=IUSR)))(ADDRESS=(PROTOCOL=TCP)(HOST=127.0.0.1)(PORT=51063)))

  VERSION INFORMATION:
	TNS for 32-bit Windows: Version 10.2.0.5.0 - Production
	Windows NT TCP/IP NT Protocol Adapter for 32-bit Windows: Version 10.2.0.5.0 - Production
  Time: 12-FEB-2017 23:34:51
  Tracing not turned on.
  Tns error struct:
    ns main err code: 12541
    TNS-12541: Message 12541 not found; No message file for product=NETWORK, facility=TNS
    ns secondary err code: 12560
    nt main err code: 511
    TNS-00511: Message 511 not found; No message file for product=NETWORK, facility=TNS
    nt secondary err code: 61
    nt OS err code: 0


***********************************************************************
Fatal NI connect error 12541, connecting to:
 (DESCRIPTION=(CONNECT_DATA=(SERVICE_NAME=oss)(CID=(PROGRAM=D:\Python27\python.exe)(HOST=HUYKAI)(USER=IUSR)))(ADDRESS=(PROTOCOL=TCP)(HOST=127.0.0.1)(PORT=51063)))

  VERSION INFORMATION:
	TNS for 32-bit Windows: Version 10.2.0.5.0 - Production
	Windows NT TCP/IP NT Protocol Adapter for 32-bit Windows: Version 10.2.0.5.0 - Production
  Time: 07-MAR-2017 11:43:04
  Tracing not turned on.
  Tns error struct:
    ns main err code: 12541
    TNS-12541: Message 12541 not found; No message file for product=NETWORK, facility=TNS
    ns secondary err code: 12560
    nt main err code: 511
    TNS-00511: Message 511 not found; No message file for product=NETWORK, facility=TNS
    nt secondary err code: 61
    nt OS err code: 0


***********************************************************************
Fatal NI connect error 12541, connecting to:
 (DESCRIPTION=(CONNECT_DATA=(SERVICE_NAME=oss)(CID=(PROGRAM=D:\Python27\python.exe)(HOST=HUYKAI)(USER=IUSR)))(ADDRESS=(PROTOCOL=TCP)(HOST=127.0.0.1)(PORT=51063)))

  VERSION INFORMATION:
	TNS for 32-bit Windows: Version 10.2.0.5.0 - Production
	Windows NT TCP/IP NT Protocol Adapter for 32-bit Windows: Version 10.2.0.5.0 - Production
  Time: 07-MAR-2017 19:43:55
  Tracing not turned on.
  Tns error struct:
    ns main err code: 12541
    TNS-12541: Message 12541 not found; No message file for product=NETWORK, facility=TNS
    ns secondary err code: 12560
    nt main err code: 511
    TNS-00511: Message 511 not found; No message file for product=NETWORK, facility=TNS
    nt secondary err code: 61
    nt OS err code: 0


***********************************************************************
Fatal NI connect error 12541, connecting to:
 (DESCRIPTION=(CONNECT_DATA=(SERVICE_NAME=oss)(CID=(PROGRAM=D:\Python27\python.exe)(HOST=HUYKAI)(USER=IUSR)))(ADDRESS=(PROTOCOL=TCP)(HOST=127.0.0.1)(PORT=51063)))

  VERSION INFORMATION:
	TNS for 32-bit Windows: Version 10.2.0.5.0 - Production
	Windows NT TCP/IP NT Protocol Adapter for 32-bit Windows: Version 10.2.0.5.0 - Production
  Time: 07-MAR-2017 19:44:05
  Tracing not turned on.
  Tns error struct:
    ns main err code: 12541
    TNS-12541: Message 12541 not found; No message file for product=NETWORK, facility=TNS
    ns secondary err code: 12560
    nt main err code: 511
    TNS-00511: Message 511 not found; No message file for product=NETWORK, facility=TNS
    nt secondary err code: 61
    nt OS err code: 0


***********************************************************************
Fatal NI connect error 12541, connecting to:
 (DESCRIPTION=(CONNECT_DATA=(SERVICE_NAME=oss)(CID=(PROGRAM=D:\Python27\python.exe)(HOST=HUYKAI)(USER=IUSR)))(ADDRESS=(PROTOCOL=TCP)(HOST=127.0.0.1)(PORT=51063)))

  VERSION INFORMATION:
	TNS for 32-bit Windows: Version 10.2.0.5.0 - Production
	Windows NT TCP/IP NT Protocol Adapter for 32-bit Windows: Version 10.2.0.5.0 - Production
  Time: 07-MAR-2017 19:46:37
  Tracing not turned on.
  Tns error struct:
    ns main err code: 12541
    TNS-12541: Message 12541 not found; No message file for product=NETWORK, facility=TNS
    ns secondary err code: 12560
    nt main err code: 511
    TNS-00511: Message 511 not found; No message file for product=NETWORK, facility=TNS
    nt secondary err code: 61
    nt OS err code: 0


***********************************************************************
Fatal NI connect error 12541, connecting to:
 (DESCRIPTION=(CONNECT_DATA=(SERVICE_NAME=oss)(CID=(PROGRAM=D:\Python27\python.exe)(HOST=HUYKAI)(USER=IUSR)))(ADDRESS=(PROTOCOL=TCP)(HOST=127.0.0.1)(PORT=51063)))

  VERSION INFORMATION:
	TNS for 32-bit Windows: Version 10.2.0.5.0 - Production
	Windows NT TCP/IP NT Protocol Adapter for 32-bit Windows: Version 10.2.0.5.0 - Production
  Time: 07-MAR-2017 19:50:34
  Tracing not turned on.
  Tns error struct:
    ns main err code: 12541
    TNS-12541: Message 12541 not found; No message file for product=NETWORK, facility=TNS
    ns secondary err code: 12560
    nt main err code: 511
    TNS-00511: Message 511 not found; No message file for product=NETWORK, facility=TNS
    nt secondary err code: 61
    nt OS err code: 0


***********************************************************************
Fatal NI connect error 12541, connecting to:
 (DESCRIPTION=(CONNECT_DATA=(SERVICE_NAME=oss)(CID=(PROGRAM=D:\Python27\python.exe)(HOST=HUYKAI)(USER=IUSR)))(ADDRESS=(PROTOCOL=TCP)(HOST=127.0.0.1)(PORT=51063)))

  VERSION INFORMATION:
	TNS for 32-bit Windows: Version 10.2.0.5.0 - Production
	Windows NT TCP/IP NT Protocol Adapter for 32-bit Windows: Version 10.2.0.5.0 - Production
  Time: 07-MAR-2017 19:53:22
  Tracing not turned on.
  Tns error struct:
    ns main err code: 12541
    TNS-12541: Message 12541 not found; No message file for product=NETWORK, facility=TNS
    ns secondary err code: 12560
    nt main err code: 511
    TNS-00511: Message 511 not found; No message file for product=NETWORK, facility=TNS
    nt secondary err code: 61
    nt OS err code: 0


***********************************************************************
Fatal NI connect error 12541, connecting to:
 (DESCRIPTION=(CONNECT_DATA=(SERVICE_NAME=oss)(CID=(PROGRAM=D:\Python27\python.exe)(HOST=HUYKAI)(USER=IUSR)))(ADDRESS=(PROTOCOL=TCP)(HOST=127.0.0.1)(PORT=51063)))

  VERSION INFORMATION:
	TNS for 32-bit Windows: Version 10.2.0.5.0 - Production
	Windows NT TCP/IP NT Protocol Adapter for 32-bit Windows: Version 10.2.0.5.0 - Production
  Time: 07-MAR-2017 19:56:21
  Tracing not turned on.
  Tns error struct:
    ns main err code: 12541
    TNS-12541: Message 12541 not found; No message file for product=NETWORK, facility=TNS
    ns secondary err code: 12560
    nt main err code: 511
    TNS-00511: Message 511 not found; No message file for product=NETWORK, facility=TNS
    nt secondary err code: 61
    nt OS err code: 0


***********************************************************************
Fatal NI connect error 12541, connecting to:
 (DESCRIPTION=(CONNECT_DATA=(SERVICE_NAME=oss)(CID=(PROGRAM=D:\Python27\python.exe)(HOST=HUYKAI)(USER=IUSR)))(ADDRESS=(PROTOCOL=TCP)(HOST=127.0.0.1)(PORT=51063)))

  VERSION INFORMATION:
	TNS for 32-bit Windows: Version 10.2.0.5.0 - Production
	Windows NT TCP/IP NT Protocol Adapter for 32-bit Windows: Version 10.2.0.5.0 - Production
  Time: 07-MAR-2017 19:59:33
  Tracing not turned on.
  Tns error struct:
    ns main err code: 12541
    TNS-12541: Message 12541 not found; No message file for product=NETWORK, facility=TNS
    ns secondary err code: 12560
    nt main err code: 511
    TNS-00511: Message 511 not found; No message file for product=NETWORK, facility=TNS
    nt secondary err code: 61
    nt OS err code: 0
